<?xml version="1.0" encoding="UTF-8"?>
<!-- Generated by org.testng.reporters.JUnitReportReporter -->
<testsuite hostname="DESKTOP-QK75J0G" failures="0" tests="1" name="Test.TestLogin" time="20.186" errors="0" timestamp="2022-09-06T08:48:18 ICT" skipped="0">
  <testcase classname="Test.TestLogin" name="Login" time="20.186"/>
  <system-out/>
</testsuite> <!-- Test.TestLogin -->
