<?xml version="1.0" encoding="UTF-8"?>
<!-- Generated by org.testng.reporters.JUnitReportReporter -->
<testsuite hostname="DESKTOP-QK75J0G" failures="0" tests="1" name="org.example.AppTest" time="0.003" errors="0" timestamp="2022-09-05T09:32:34 ICT" skipped="0">
  <testcase classname="org.example.AppTest" name="shouldAnswerWithTrue" time="0.003"/>
  <system-out/>
</testsuite> <!-- org.example.AppTest -->
